<?xml version="1.0" encoding="utf-8"?><testsuites name="pytest tests"><testsuite name="pytest" errors="4" failures="0" skipped="0" tests="18" time="62.098" timestamp="2026-05-24T16:28:37.808326+00:00" hostname="agent-env-274805c2-2f8c-4629-b780-4930676139b5"><testcase classname="backend.tests.test_energy_broker_v2.TestHealth" name="test_health_ok_with_claude" time="0.269" /><testcase classname="backend.tests.test_energy_broker_v2.TestTariffs" name="test_five_au_retailers_seeded" time="0.054" /><testcase classname="backend.tests.test_energy_broker_v2.TestNoAuth" name="test_auth_login_returns_404" time="0.049" /><testcase classname="backend.tests.test_energy_broker_v2.TestNoAuth" name="test_auth_register_returns_404" time="0.047" /><testcase classname="backend.tests.test_energy_broker_v2.TestClientCRUD" name="test_create_list_get_delete_with_cascade" time="0.244" /><testcase classname="backend.tests.test_energy_broker_v2.TestClientCRUD" name="test_get_unknown_client_404" time="0.046" /><testcase classname="backend.tests.test_energy_broker_v2.TestTariffAssign" name="test_assign_agl_to_cafe" time="0.158" /><testcase classname="backend.tests.test_energy_broker_v2.TestTariffAssign" name="test_assign_unknown_tariff_404" time="0.047" /><testcase classname="backend.tests.test_energy_broker_v2.TestBaseline" name="test_baseline_has_full_payload" time="0.365" /><testcase classname="backend.tests.test_energy_broker_v2.TestBaseline" name="test_baseline_recalc_with_hvac_half_reduces_load" time="0.099" /><testcase classname="backend.tests.test_energy_broker_v2.TestScenarios" name="test_generate_returns_rich_fields" time="60.099"><error message="failed on setup with &quot;AssertionError: status=502 body=The preview environment is not responding. It may be starting up.&#10;  &#10;assert 502 == 200&#10; +  where 502 = &lt;Response [502]&gt;.status_code&quot;">backend/tests/test_energy_broker_v2.py:191: in generated_scenarios
    assert r.status_code == 200, f"status={r.status_code} body={r.text[:500]}"
E   AssertionError: status=502 body=The preview environment is not responding. It may be starting up.
E     
E   assert 502 == 200
E    +  where 502 = &lt;Response [502]&gt;.status_code</error></testcase><testcase classname="backend.tests.test_energy_broker_v2.TestScenarios" name="test_scenarios_persisted_via_list" time="0.000"><error message="failed on setup with &quot;AssertionError: status=502 body=The preview environment is not responding. It may be starting up.&#10;  &#10;assert 502 == 200&#10; +  where 502 = &lt;Response [502]&gt;.status_code&quot;">backend/tests/test_energy_broker_v2.py:191: in generated_scenarios
    assert r.status_code == 200, f"status={r.status_code} body={r.text[:500]}"
E   AssertionError: status=502 body=The preview environment is not responding. It may be starting up.
E     
E   assert 502 == 200
E    +  where 502 = &lt;Response [502]&gt;.status_code</error></testcase><testcase classname="backend.tests.test_energy_broker_v2.TestScenarios" name="test_delete_single_scenario" time="0.000"><error message="failed on setup with &quot;AssertionError: status=502 body=The preview environment is not responding. It may be starting up.&#10;  &#10;assert 502 == 200&#10; +  where 502 = &lt;Response [502]&gt;.status_code&quot;">backend/tests/test_energy_broker_v2.py:191: in generated_scenarios
    assert r.status_code == 200, f"status={r.status_code} body={r.text[:500]}"
E   AssertionError: status=502 body=The preview environment is not responding. It may be starting up.
E     
E   assert 502 == 200
E    +  where 502 = &lt;Response [502]&gt;.status_code</error></testcase><testcase classname="backend.tests.test_energy_broker_v2.TestReports" name="test_report_full_snapshot_lifecycle" time="0.000"><error message="failed on setup with &quot;AssertionError: status=502 body=The preview environment is not responding. It may be starting up.&#10;  &#10;assert 502 == 200&#10; +  where 502 = &lt;Response [502]&gt;.status_code&quot;">backend/tests/test_energy_broker_v2.py:191: in generated_scenarios
    assert r.status_code == 200, f"status={r.status_code} body={r.text[:500]}"
E   AssertionError: status=502 body=The preview environment is not responding. It may be starting up.
E     
E   assert 502 == 200
E    +  where 502 = &lt;Response [502]&gt;.status_code</error></testcase><testcase classname="backend.tests.test_energy_broker_v2.TestReports" name="test_report_empty_scenario_ids_400" time="0.112" /><testcase classname="backend.tests.test_energy_broker_v2.TestReports" name="test_report_unknown_scenario_404" time="0.048" /><testcase classname="backend.tests.test_energy_broker_v2.TestCascadeAndPersistence" name="test_delete_client_removes_scenarios_and_reports" time="0.190" /><testcase classname="backend.tests.test_energy_broker_v2.TestCascadeAndPersistence" name="test_data_store_file_exists" time="0.049" /></testsuite></testsuites>