<?xml version="1.0" encoding="utf-8"?><testsuites name="pytest tests"><testsuite name="pytest" errors="0" failures="0" skipped="0" tests="14" time="2.552" timestamp="2026-05-24T09:23:03.717655+00:00" hostname="agent-env-a8cd731c-6409-46cb-8a57-52e49f8be6e0"><testcase classname="tests.test_loadshapelab_api" name="test_health" time="0.175" /><testcase classname="tests.test_loadshapelab_api" name="test_list_meters" time="0.046" /><testcase classname="tests.test_loadshapelab_api" name="test_meter_detail" time="0.048" /><testcase classname="tests.test_loadshapelab_api" name="test_meter_detail_404" time="0.047" /><testcase classname="tests.test_loadshapelab_api" name="test_list_plans" time="0.047" /><testcase classname="tests.test_loadshapelab_api" name="test_list_zones" time="0.047" /><testcase classname="tests.test_loadshapelab_api" name="test_spot" time="0.046" /><testcase classname="tests.test_loadshapelab_api" name="test_rank_single_baseline" time="0.047" /><testcase classname="tests.test_loadshapelab_api" name="test_rank_requires_meter_ids" time="0.050" /><testcase classname="tests.test_loadshapelab_api" name="test_rank_qld_meter" time="0.046" /><testcase classname="tests.test_loadshapelab_api" name="test_rank_shift_reduces_cost" time="0.098" /><testcase classname="tests.test_loadshapelab_api" name="test_rank_aggregate_all_sites" time="0.109" /><testcase classname="tests.test_loadshapelab_api" name="test_rank_aggregate_shift_propagates" time="0.223" /><testcase classname="tests.test_loadshapelab_api" name="test_refresh_cdr" time="1.458" /></testsuite></testsuites>