<?xml version="1.0" encoding="utf-8"?><testsuites name="pytest tests"><testsuite name="pytest" errors="0" failures="0" skipped="0" tests="12" time="2.486" timestamp="2026-05-24T09:07:56.617494+00:00" hostname="agent-env-a8cd731c-6409-46cb-8a57-52e49f8be6e0"><testcase classname="backend.tests.test_loadshapelab_api" name="test_health" time="0.233" /><testcase classname="backend.tests.test_loadshapelab_api" name="test_list_meters" time="0.044" /><testcase classname="backend.tests.test_loadshapelab_api" name="test_meter_detail" time="0.047" /><testcase classname="backend.tests.test_loadshapelab_api" name="test_meter_detail_404" time="0.041" /><testcase classname="backend.tests.test_loadshapelab_api" name="test_list_plans" time="0.043" /><testcase classname="backend.tests.test_loadshapelab_api" name="test_list_zones" time="0.042" /><testcase classname="backend.tests.test_loadshapelab_api" name="test_spot" time="0.041" /><testcase classname="backend.tests.test_loadshapelab_api" name="test_rank_baseline" time="0.086" /><testcase classname="backend.tests.test_loadshapelab_api" name="test_rank_validates_shape_length" time="0.090" /><testcase classname="backend.tests.test_loadshapelab_api" name="test_rank_qld_energex" time="0.085" /><testcase classname="backend.tests.test_loadshapelab_api" name="test_rank_shifting_load_reduces_cost" time="0.133" /><testcase classname="backend.tests.test_loadshapelab_api" name="test_refresh_cdr" time="1.472" /></testsuite></testsuites>